<?xml version="1.0" encoding="UTF-8"?>
<!-- Generated by org.testng.reporters.JUnitReportReporter -->
<testsuite skipped="0" hostname="DESKTOP-2FMP69Q" name="com.crm.orgTest.ContactTest" tests="2" failures="0" timestamp="2021-10-18T19:04:35 IST" time="0.024" errors="0">
  <testcase name="createContactTest" time="0.024" classname="com.crm.orgTest.ContactTest"/>
  <system-out/>
  <testcase name="editContactTest" time="0.000" classname="com.crm.orgTest.ContactTest"/>
  <system-out/>
</testsuite> <!-- com.crm.orgTest.ContactTest -->
